<?xml version="1.0" encoding="UTF-8"?>
<!-- Generated by org.testng.reporters.JUnitReportReporter -->
<testsuite hostname="KRUZ-KUN" failures="0" tests="1" name="plentyofJobsAutomationbase.BaseTest" time="11.654" errors="0" timestamp="2022-06-28T23:32:22 NPT" skipped="0">
  <testcase classname="plentyofJobsAutomationbase.BaseTest" name="OpenApplication" time="11.654"/>
  <system-out/>
</testsuite> <!-- plentyofJobsAutomationbase.BaseTest -->
