<?xml version="1.0" encoding="UTF-8"?>
<!-- Generated by org.testng.reporters.JUnitReportReporter -->
<testsuite hostname="KRUZ-KUN" failures="0" tests="1" name="plentyofJobsAutomationbase.StartApplications" time="11.083" errors="0" timestamp="2022-06-28T23:38:23 NPT" skipped="0">
  <testcase classname="plentyofJobsAutomationbase.StartApplications" name="OpenApplication" time="11.083"/>
  <system-out/>
</testsuite> <!-- plentyofJobsAutomationbase.StartApplications -->
