<?xml version="1.0" encoding="UTF-8"?>
<!-- Generated by org.testng.reporters.JUnitReportReporter -->
<testsuite hostname="KRUZ-KUN" failures="0" tests="1" name="plentyofjobsAutomationTesting.LoginTests" time="65.531" errors="0" timestamp="2022-07-08T16:10:23 NPT" skipped="0">
  <testcase classname="plentyofjobsAutomationTesting.LoginTests" name="LoginTest" time="65.531"/>
  <system-out/>
</testsuite> <!-- plentyofjobsAutomationTesting.LoginTests -->
