<?xml version="1.0" encoding="UTF-8"?>
<!-- Generated by org.testng.reporters.JUnitReportReporter -->
<testsuite hostname="KRUZ-KUN" failures="0" tests="1" name="plentyofjobsAutomationTesting.LandingScreenTests" time="17.158" errors="0" timestamp="2022-05-16T22:10:37 NPT" skipped="0">
  <testcase classname="plentyofjobsAutomationTesting.LandingScreenTests" name="OpenApplication" time="17.158"/>
  <system-out/>
</testsuite> <!-- plentyofjobsAutomationTesting.LandingScreenTests -->
