<?xml version="1.0" encoding="UTF-8"?>
<!-- Generated by org.testng.reporters.JUnitReportReporter -->
<testsuite hostname="KRUZ-KUN" failures="0" tests="1" name="plentyofjobsAutomationTesting.SignUpPageTests" time="15.500" errors="0" timestamp="2022-05-16T22:10:37 NPT" skipped="0">
  <testcase classname="plentyofjobsAutomationTesting.SignUpPageTests" name="createNewUser" time="15.500"/>
  <system-out/>
</testsuite> <!-- plentyofjobsAutomationTesting.SignUpPageTests -->
