<?xml version="1.0" encoding="UTF-8"?>
<!-- Generated by org.testng.reporters.JUnitReportReporter -->
<testsuite hostname="KRUZ-KUN" failures="0" tests="1" name="plentyofjobsAutomationTesting.PositiveSignUpTests" time="35.510" errors="0" timestamp="2022-05-16T23:32:31 NPT" skipped="0">
  <testcase classname="plentyofjobsAutomationTesting.PositiveSignUpTests" name="SignUpFormTest" time="35.510"/>
  <system-out/>
</testsuite> <!-- plentyofjobsAutomationTesting.PositiveSignUpTests -->
