<?xml version="1.0" encoding="UTF-8"?>
<!-- Generated by org.testng.reporters.JUnitReportReporter -->
<testsuite hostname="KRUZ-KUN" failures="0" tests="1" name="plentyofjobsAutomationTesting.PositiveLoginTests" time="23.161" errors="0" timestamp="2022-05-16T23:32:31 NPT" skipped="0">
  <testcase classname="plentyofjobsAutomationTesting.PositiveLoginTests" name="LoginTest" time="23.161"/>
  <system-out/>
</testsuite> <!-- plentyofjobsAutomationTesting.PositiveLoginTests -->
