<?xml version="1.0" encoding="UTF-8"?>
<!-- Generated by org.testng.reporters.JUnitReportReporter -->
<testsuite hostname="KRUZ-KUN" failures="0" tests="1" name="plentyofjobsAutomationTesting.LogOutTests" time="7.015" errors="0" timestamp="2022-06-28T23:38:23 NPT" skipped="0">
  <testcase classname="plentyofjobsAutomationTesting.LogOutTests" name="LogOutTest" time="7.015"/>
  <system-out/>
</testsuite> <!-- plentyofjobsAutomationTesting.LogOutTests -->
