<?xml version="1.0" encoding="UTF-8"?>
<!-- Generated by org.testng.reporters.JUnitReportReporter -->
<testsuite hostname="KRUZ-KUN" failures="0" tests="1" name="plentyofJobsAutomationbase.StartApplication" time="11.098" errors="0" timestamp="2022-06-28T23:27:09 NPT" skipped="0">
  <testcase classname="plentyofJobsAutomationbase.StartApplication" name="OpenApplication" time="11.098"/>
  <system-out/>
</testsuite> <!-- plentyofJobsAutomationbase.StartApplication -->
