<?xml version="1.0" encoding="UTF-8"?>
<!-- Generated by org.testng.reporters.JUnitReportReporter -->
<testsuite hostname="KRUZ-KUN" failures="0" tests="1" name="plentyofjobsAutomationTestingPages.VerificationCodePage" time="25.749" errors="0" timestamp="2022-05-19T11:23:40 NPT" skipped="0">
  <testcase classname="plentyofjobsAutomationTestingPages.VerificationCodePage" name="getVerificationCode" time="25.749"/>
  <system-out/>
</testsuite> <!-- plentyofjobsAutomationTestingPages.VerificationCodePage -->
