<?xml version="1.0" encoding="UTF-8"?>
<!-- Generated by org.testng.reporters.JUnitReportReporter -->
<testsuite hostname="KRUZ-KUN" failures="0" tests="1" name="plentyofjobsAutomationTesting.ForgotPasswordTests" time="82.785" errors="0" timestamp="2022-07-08T16:10:23 NPT" skipped="0">
  <testcase classname="plentyofjobsAutomationTesting.ForgotPasswordTests" name="LoginTest" time="82.785"/>
  <system-out/>
</testsuite> <!-- plentyofjobsAutomationTesting.ForgotPasswordTests -->
