<?xml version="1.0" encoding="UTF-8"?>
<!-- Generated by org.testng.reporters.JUnitReportReporter -->
<testsuite hostname="KRUZ-KUN" failures="0" tests="1" name="plentyofJobsAutomationbase.ExcelDataProvider" time="1.841" errors="0" timestamp="2022-06-30T23:42:00 NPT" skipped="0">
  <testcase classname="plentyofJobsAutomationbase.ExcelDataProvider" name="getForgotPageData" time="1.841"/>
  <system-out/>
</testsuite> <!-- plentyofJobsAutomationbase.ExcelDataProvider -->
